13:04:03.116 [main] INFO  Logger - Test add email - Firefox started.
13:04:12.382 [main] INFO  Logger - positiveAddEmailTestScenario started.
13:04:14.972 [main] INFO  Logger - positiveAddEmailTestScenario passed.
13:04:15.666 [main] INFO  Logger - Test add email - Firefox finished.
13:04:15.678 [main] INFO  Logger - Test add email - Chrome started.
13:04:25.336 [main] INFO  Logger - positiveAddEmailTestScenario started.
13:04:27.827 [main] INFO  Logger - positiveAddEmailTestScenario passed.
13:04:28.650 [main] INFO  Logger - Test add email - Chrome finished.
13:04:28.666 [main] INFO  Logger - Test add email - Edge started.
13:04:32.871 [main] INFO  Logger - positiveAddEmailTestScenario started.
13:04:34.826 [main] INFO  Logger - positiveAddEmailTestScenario skipped.
13:04:41.270 [main] INFO  Logger - positiveAddEmailTestScenario started.
13:04:44.082 [main] INFO  Logger - positiveAddEmailTestScenario passed.
13:04:46.922 [main] INFO  Logger - Test add email - Edge finished.
13:05:19.016 [main] INFO  Logger - Test change password - Firefox started.
13:05:27.560 [main] INFO  Logger - negativeChangePasswordTestScenario started.
13:05:29.545 [main] INFO  Logger - negativeChangePasswordTestScenario passed.
13:05:30.163 [main] INFO  Logger - Test change password - Firefox finished.
13:05:30.188 [main] INFO  Logger - Test change password - Chrome started.
13:05:39.531 [main] INFO  Logger - negativeChangePasswordTestScenario started.
13:05:42.158 [main] INFO  Logger - negativeChangePasswordTestScenario passed.
13:05:43.012 [main] INFO  Logger - Test change password - Chrome finished.
13:05:43.049 [main] INFO  Logger - Test change password - Edge started.
13:05:46.547 [main] INFO  Logger - negativeChangePasswordTestScenario started.
13:05:48.496 [main] INFO  Logger - negativeChangePasswordTestScenario skipped.
13:05:55.984 [main] INFO  Logger - negativeChangePasswordTestScenario started.
13:05:57.902 [main] INFO  Logger - negativeChangePasswordTestScenario passed.
13:06:00.839 [main] INFO  Logger - Test change password - Edge finished.
13:06:16.580 [main] INFO  Logger - Test registration - Firefox started.
13:06:22.234 [main] INFO  Logger - negativeRegistrationTestScenario started.
13:06:25.474 [main] INFO  Logger - negativeRegistrationTestScenario passed.
13:06:25.858 [main] INFO  Logger - Test registration - Firefox finished.
13:06:25.870 [main] INFO  Logger - Test registration - Chrome started.
13:06:27.825 [main] INFO  Logger - negativeRegistrationTestScenario started.
13:06:31.155 [main] INFO  Logger - negativeRegistrationTestScenario passed.
13:06:31.873 [main] INFO  Logger - Test registration - Chrome finished.
13:06:31.898 [main] INFO  Logger - Test registration - Edge started.
13:06:33.130 [main] INFO  Logger - negativeRegistrationTestScenario started.
13:06:34.441 [main] INFO  Logger - negativeRegistrationTestScenario passed.
13:06:37.391 [main] INFO  Logger - Test registration - Edge finished.
13:06:48.595 [main] INFO  Logger - Test registration with facebook account - Firefox started.
13:06:54.314 [main] INFO  Logger - positiveRegistrationWithFacebookAccountTestScenario started.
13:07:00.701 [main] INFO  Logger - positiveRegistrationWithFacebookAccountTestScenario passed.
13:07:06.008 [main] INFO  Logger - negativeRegistrationWithFacebookAccountTestScenario started.
13:07:10.916 [main] INFO  Logger - negativeRegistrationWithFacebookAccountTestScenario passed.
13:07:11.417 [main] INFO  Logger - Test registration with facebook account - Firefox finished.
13:07:11.426 [main] INFO  Logger - Test registration with facebook account - Chrome started.
13:07:13.371 [main] INFO  Logger - positiveRegistrationWithFacebookAccountTestScenario started.
13:07:20.796 [main] INFO  Logger - positiveRegistrationWithFacebookAccountTestScenario passed.
13:07:23.556 [main] INFO  Logger - negativeRegistrationWithFacebookAccountTestScenario started.
13:07:28.821 [main] INFO  Logger - negativeRegistrationWithFacebookAccountTestScenario passed.
13:07:29.611 [main] INFO  Logger - Test registration with facebook account - Chrome finished.
13:07:29.642 [main] INFO  Logger - Test registration with facebook account - Edge started.
13:07:30.883 [main] INFO  Logger - positiveRegistrationWithFacebookAccountTestScenario started.
13:07:43.468 [main] INFO  Logger - positiveRegistrationWithFacebookAccountTestScenario skipped.
13:07:47.608 [main] INFO  Logger - positiveRegistrationWithFacebookAccountTestScenario started.
13:07:54.035 [main] INFO  Logger - positiveRegistrationWithFacebookAccountTestScenario passed.
13:07:58.008 [main] INFO  Logger - negativeRegistrationWithFacebookAccountTestScenario started.
13:08:02.348 [main] INFO  Logger - negativeRegistrationWithFacebookAccountTestScenario passed.
13:08:05.149 [main] INFO  Logger - Test registration with facebook account - Edge finished.
13:08:15.449 [main] INFO  Logger - Test change password - Firefox started.
13:08:21.303 [main] INFO  Logger - positivePasswordResetTestScenario started.
13:08:23.739 [main] INFO  Logger - positivePasswordResetTestScenario passed.
13:08:29.035 [main] INFO  Logger - negativePasswordResetTestScenario started.
13:08:31.217 [main] INFO  Logger - negativePasswordResetTestScenario passed.
13:08:31.578 [main] INFO  Logger - Test change password - Firefox finished.
13:08:31.588 [main] INFO  Logger - Test change password - Chrome started.
13:08:33.583 [main] INFO  Logger - positivePasswordResetTestScenario started.
13:08:36.568 [main] INFO  Logger - positivePasswordResetTestScenario passed.
13:08:39.285 [main] INFO  Logger - negativePasswordResetTestScenario started.
13:08:42.095 [main] INFO  Logger - negativePasswordResetTestScenario passed.
13:08:42.816 [main] INFO  Logger - Test change password - Chrome finished.
13:08:42.847 [main] INFO  Logger - Test change password - Edge started.
13:08:44.060 [main] INFO  Logger - positivePasswordResetTestScenario started.
13:08:45.669 [main] INFO  Logger - positivePasswordResetTestScenario passed.
13:08:49.892 [main] INFO  Logger - negativePasswordResetTestScenario started.
13:08:51.510 [main] INFO  Logger - negativePasswordResetTestScenario passed.
13:08:54.414 [main] INFO  Logger - Test change password - Edge finished.
13:09:14.352 [main] INFO  Logger - Test authorization - Firefox started.
13:09:20.049 [main] INFO  Logger - positiveAuthorizationTestScenario started.
13:09:23.308 [main] INFO  Logger - positiveAuthorizationTestScenario passed.
13:09:28.800 [main] INFO  Logger - negativeAuthorizationTestScenario started.
13:09:30.426 [main] INFO  Logger - negativeAuthorizationTestScenario passed.
13:09:35.765 [main] INFO  Logger - checkAlertMessageTestScenario started.
13:09:38.636 [main] INFO  Logger - checkAlertMessageTestScenario passed.
13:09:39.047 [main] INFO  Logger - Test authorization - Firefox finished.
13:09:39.057 [main] INFO  Logger - Test authorization - Chrome started.
13:09:41.033 [main] INFO  Logger - positiveAuthorizationTestScenario started.
13:09:48.848 [main] INFO  Logger - positiveAuthorizationTestScenario passed.
13:09:51.636 [main] INFO  Logger - negativeAuthorizationTestScenario started.
13:09:55.271 [main] INFO  Logger - negativeAuthorizationTestScenario passed.
13:09:57.964 [main] INFO  Logger - checkAlertMessageTestScenario started.
13:10:02.158 [main] INFO  Logger - checkAlertMessageTestScenario passed.
13:10:02.882 [main] INFO  Logger - Test authorization - Chrome finished.
13:10:02.913 [main] INFO  Logger - Test authorization - Edge started.
13:10:04.165 [main] INFO  Logger - positiveAuthorizationTestScenario started.
13:10:07.132 [main] INFO  Logger - positiveAuthorizationTestScenario passed.
13:10:11.247 [main] INFO  Logger - negativeAuthorizationTestScenario started.
13:10:12.450 [main] INFO  Logger - negativeAuthorizationTestScenario passed.
13:10:16.481 [main] INFO  Logger - checkAlertMessageTestScenario started.
13:10:18.251 [main] INFO  Logger - checkAlertMessageTestScenario passed.
13:10:21.136 [main] INFO  Logger - Test authorization - Edge finished.
13:12:04.473 [main] INFO  Logger - Test add email - Firefox started.
13:12:13.649 [main] INFO  Logger - positiveAddEmailTestScenario started.
13:12:16.509 [main] INFO  Logger - positiveAddEmailTestScenario passed.
13:12:17.076 [main] INFO  Logger - Test add email - Firefox finished.
13:12:17.141 [main] INFO  Logger - Test add email - Chrome started.
13:12:26.853 [main] INFO  Logger - positiveAddEmailTestScenario started.
13:12:29.495 [main] INFO  Logger - positiveAddEmailTestScenario passed.
13:12:30.341 [main] INFO  Logger - Test add email - Chrome finished.
13:12:30.373 [main] INFO  Logger - Test add email - Edge started.
13:12:34.979 [main] INFO  Logger - positiveAddEmailTestScenario started.
13:12:39.589 [main] INFO  Logger - positiveAddEmailTestScenario skipped.
13:12:46.620 [main] INFO  Logger - positiveAddEmailTestScenario started.
13:12:48.539 [main] INFO  Logger - positiveAddEmailTestScenario failed.
13:12:51.506 [main] INFO  Logger - Test add email - Edge finished.
13:14:24.004 [main] INFO  Logger - Test add email - Firefox started.
13:14:33.896 [main] INFO  Logger - positiveAddEmailTestScenario started.
13:14:45.955 [main] INFO  Logger - positiveAddEmailTestScenario passed.
13:14:46.494 [main] INFO  Logger - Test add email - Firefox finished.
13:14:46.494 [main] INFO  Logger - Test add email - Chrome started.
13:14:56.093 [main] INFO  Logger - positiveAddEmailTestScenario started.
13:14:58.901 [main] INFO  Logger - positiveAddEmailTestScenario passed.
13:14:59.760 [main] INFO  Logger - Test add email - Chrome finished.
13:14:59.776 [main] INFO  Logger - Test add email - Edge started.
13:15:04.065 [main] INFO  Logger - positiveAddEmailTestScenario started.
13:15:07.085 [main] INFO  Logger - positiveAddEmailTestScenario passed.
13:15:10.040 [main] INFO  Logger - Test add email - Edge finished.
13:15:20.062 [main] INFO  Logger - Test change password - Firefox started.
13:15:29.203 [main] INFO  Logger - negativeChangePasswordTestScenario started.
13:15:31.617 [main] INFO  Logger - negativeChangePasswordTestScenario passed.
13:15:32.296 [main] INFO  Logger - Test change password - Firefox finished.
13:15:32.296 [main] INFO  Logger - Test change password - Chrome started.
13:15:41.715 [main] INFO  Logger - negativeChangePasswordTestScenario started.
13:15:44.272 [main] INFO  Logger - negativeChangePasswordTestScenario passed.
13:15:45.123 [main] INFO  Logger - Test change password - Chrome finished.
13:15:45.161 [main] INFO  Logger - Test change password - Edge started.
13:15:49.480 [main] INFO  Logger - negativeChangePasswordTestScenario started.
13:15:51.278 [main] INFO  Logger - negativeChangePasswordTestScenario skipped.
13:15:58.621 [main] INFO  Logger - negativeChangePasswordTestScenario started.
13:16:00.848 [main] INFO  Logger - negativeChangePasswordTestScenario passed.
13:16:03.809 [main] INFO  Logger - Test change password - Edge finished.
13:16:19.108 [main] INFO  Logger - Test registration - Firefox started.
13:16:24.767 [main] INFO  Logger - negativeRegistrationTestScenario started.
13:16:26.587 [main] INFO  Logger - negativeRegistrationTestScenario passed.
13:16:27.009 [main] INFO  Logger - Test registration - Firefox finished.
13:16:27.019 [main] INFO  Logger - Test registration - Chrome started.
13:16:29.028 [main] INFO  Logger - negativeRegistrationTestScenario started.
13:16:31.848 [main] INFO  Logger - negativeRegistrationTestScenario passed.
13:16:32.579 [main] INFO  Logger - Test registration - Chrome finished.
13:16:32.610 [main] INFO  Logger - Test registration - Edge started.
13:16:33.849 [main] INFO  Logger - negativeRegistrationTestScenario started.
13:16:35.223 [main] INFO  Logger - negativeRegistrationTestScenario passed.
13:16:38.167 [main] INFO  Logger - Test registration - Edge finished.
13:16:53.472 [main] INFO  Logger - Test registration with facebook account - Firefox started.
13:16:59.211 [main] INFO  Logger - positiveRegistrationWithFacebookAccountTestScenario started.
13:17:06.232 [main] INFO  Logger - positiveRegistrationWithFacebookAccountTestScenario passed.
13:17:11.654 [main] INFO  Logger - negativeRegistrationWithFacebookAccountTestScenario started.
13:17:16.445 [main] INFO  Logger - negativeRegistrationWithFacebookAccountTestScenario passed.
13:17:16.914 [main] INFO  Logger - Test registration with facebook account - Firefox finished.
13:17:16.914 [main] INFO  Logger - Test registration with facebook account - Chrome started.
13:17:18.932 [main] INFO  Logger - positiveRegistrationWithFacebookAccountTestScenario started.
13:17:26.219 [main] INFO  Logger - positiveRegistrationWithFacebookAccountTestScenario passed.
13:17:28.914 [main] INFO  Logger - negativeRegistrationWithFacebookAccountTestScenario started.
13:17:36.145 [main] INFO  Logger - negativeRegistrationWithFacebookAccountTestScenario passed.
13:17:36.909 [main] INFO  Logger - Test registration with facebook account - Chrome finished.
13:17:36.909 [main] INFO  Logger - Test registration with facebook account - Edge started.
13:17:38.131 [main] INFO  Logger - positiveRegistrationWithFacebookAccountTestScenario started.
13:17:44.786 [main] INFO  Logger - positiveRegistrationWithFacebookAccountTestScenario passed.
13:17:48.773 [main] INFO  Logger - negativeRegistrationWithFacebookAccountTestScenario started.
13:17:53.647 [main] INFO  Logger - negativeRegistrationWithFacebookAccountTestScenario passed.
13:17:56.428 [main] INFO  Logger - Test registration with facebook account - Edge finished.
13:18:15.418 [main] INFO  Logger - Test change password - Firefox started.
13:18:21.211 [main] INFO  Logger - positivePasswordResetTestScenario started.
13:18:24.027 [main] INFO  Logger - positivePasswordResetTestScenario passed.
13:18:29.451 [main] INFO  Logger - negativePasswordResetTestScenario started.
13:18:31.584 [main] INFO  Logger - negativePasswordResetTestScenario passed.
13:18:31.938 [main] INFO  Logger - Test change password - Firefox finished.
13:18:31.938 [main] INFO  Logger - Test change password - Chrome started.
13:18:33.955 [main] INFO  Logger - positivePasswordResetTestScenario started.
13:18:39.325 [main] INFO  Logger - positivePasswordResetTestScenario passed.
13:18:42.074 [main] INFO  Logger - negativePasswordResetTestScenario started.
13:18:44.929 [main] INFO  Logger - negativePasswordResetTestScenario passed.
13:18:45.661 [main] INFO  Logger - Test change password - Chrome finished.
13:18:45.692 [main] INFO  Logger - Test change password - Edge started.
13:18:46.916 [main] INFO  Logger - positivePasswordResetTestScenario started.
13:18:49.334 [main] INFO  Logger - positivePasswordResetTestScenario passed.
13:18:53.414 [main] INFO  Logger - negativePasswordResetTestScenario started.
13:18:55.039 [main] INFO  Logger - negativePasswordResetTestScenario passed.
13:18:57.971 [main] INFO  Logger - Test change password - Edge finished.
13:19:16.850 [main] INFO  Logger - Test authorization - Firefox started.
13:19:23.707 [main] INFO  Logger - positiveAuthorizationTestScenario started.
13:19:26.862 [main] INFO  Logger - positiveAuthorizationTestScenario passed.
13:19:32.401 [main] INFO  Logger - negativeAuthorizationTestScenario started.
13:19:34.492 [main] INFO  Logger - negativeAuthorizationTestScenario passed.
13:19:39.863 [main] INFO  Logger - checkAlertMessageTestScenario started.
13:19:42.269 [main] INFO  Logger - checkAlertMessageTestScenario passed.
13:19:42.682 [main] INFO  Logger - Test authorization - Firefox finished.
13:19:42.713 [main] INFO  Logger - Test authorization - Chrome started.
13:19:44.746 [main] INFO  Logger - positiveAuthorizationTestScenario started.
13:19:52.597 [main] INFO  Logger - positiveAuthorizationTestScenario passed.
13:19:55.397 [main] INFO  Logger - negativeAuthorizationTestScenario started.
13:19:59.177 [main] INFO  Logger - negativeAuthorizationTestScenario passed.
13:20:01.853 [main] INFO  Logger - checkAlertMessageTestScenario started.
13:20:06.063 [main] INFO  Logger - checkAlertMessageTestScenario passed.
13:20:06.792 [main] INFO  Logger - Test authorization - Chrome finished.
13:20:06.828 [main] INFO  Logger - Test authorization - Edge started.
13:20:08.030 [main] INFO  Logger - positiveAuthorizationTestScenario started.
13:20:10.947 [main] INFO  Logger - positiveAuthorizationTestScenario passed.
13:20:15.283 [main] INFO  Logger - negativeAuthorizationTestScenario started.
13:20:16.576 [main] INFO  Logger - negativeAuthorizationTestScenario passed.
13:20:20.710 [main] INFO  Logger - checkAlertMessageTestScenario started.
13:20:22.659 [main] INFO  Logger - checkAlertMessageTestScenario passed.
13:20:25.527 [main] INFO  Logger - Test authorization - Edge finished.
13:20:44.659 [main] INFO  Logger - Test change password - Firefox started.
13:20:53.953 [main] INFO  Logger - negativeChangePasswordTestScenario started.
13:20:56.505 [main] INFO  Logger - negativeChangePasswordTestScenario skipped.
13:21:05.592 [main] INFO  Logger - negativeChangePasswordTestScenario started.
13:21:07.799 [main] INFO  Logger - negativeChangePasswordTestScenario failed.
13:21:08.363 [main] INFO  Logger - Test change password - Firefox finished.
13:21:08.373 [main] INFO  Logger - Test change password - Chrome started.
13:21:18.369 [main] INFO  Logger - negativeChangePasswordTestScenario started.
13:21:22.668 [main] INFO  Logger - negativeChangePasswordTestScenario failed.
13:21:23.520 [main] INFO  Logger - Test change password - Chrome finished.
13:21:23.559 [main] INFO  Logger - Test change password - Edge started.
13:21:27.879 [main] INFO  Logger - negativeChangePasswordTestScenario started.
13:21:30.142 [main] INFO  Logger - negativeChangePasswordTestScenario failed.
13:21:33.183 [main] INFO  Logger - Test change password - Edge finished.
13:35:23.798 [main] INFO  Logger - Test registration with facebook account - Firefox started.
13:35:29.708 [main] INFO  Logger - positiveRegistrationWithFacebookAccountTestScenario started.
13:36:05.444 [main] INFO  Logger - positiveRegistrationWithFacebookAccountTestScenario skipped.
14:37:11.262 [main] INFO  Logger - Test add email - Firefox started.
14:37:22.071 [main] INFO  Logger - positiveAddEmailTestScenario started.
14:37:24.480 [main] INFO  Logger - positiveAddEmailTestScenario passed.
14:37:25.008 [main] INFO  Logger - Test add email - Firefox finished.
14:37:25.008 [main] INFO  Logger - Test add email - Chrome started.
14:37:38.374 [main] INFO  Logger - positiveAddEmailTestScenario started.
14:37:41.483 [main] INFO  Logger - positiveAddEmailTestScenario passed.
14:37:42.338 [main] INFO  Logger - Test add email - Chrome finished.
14:37:42.388 [main] INFO  Logger - Test add email - Edge started.
14:37:47.875 [main] INFO  Logger - positiveAddEmailTestScenario started.
14:37:50.719 [main] INFO  Logger - positiveAddEmailTestScenario passed.
14:37:53.668 [main] INFO  Logger - Test add email - Edge finished.
14:49:46.016 [main] INFO  Logger - Test add email - Firefox started.
14:49:56.402 [main] INFO  Logger - positiveAddEmailTestScenario started.
14:49:59.232 [main] INFO  Logger - positiveAddEmailTestScenario passed.
14:49:59.747 [main] INFO  Logger - Test add email - Firefox finished.
14:49:59.778 [main] INFO  Logger - Test add email - Chrome started.
14:50:09.358 [main] INFO  Logger - positiveAddEmailTestScenario started.
14:50:12.372 [main] INFO  Logger - positiveAddEmailTestScenario passed.
14:50:13.220 [main] INFO  Logger - Test add email - Chrome finished.
14:50:13.259 [main] INFO  Logger - Test add email - Edge started.
14:50:16.924 [main] INFO  Logger - positiveAddEmailTestScenario started.
14:50:19.326 [main] INFO  Logger - positiveAddEmailTestScenario passed.
14:50:26.679 [main] INFO  Logger - Test add email - Edge finished.
14:50:45.328 [main] INFO  Logger - Test change password - Firefox started.
14:50:54.603 [main] INFO  Logger - negativeChangePasswordTestScenario started.
14:50:57.163 [main] INFO  Logger - negativeChangePasswordTestScenario skipped.
14:51:06.347 [main] INFO  Logger - negativeChangePasswordTestScenario started.
14:51:08.678 [main] INFO  Logger - negativeChangePasswordTestScenario passed.
14:51:09.206 [main] INFO  Logger - Test change password - Firefox finished.
14:51:09.206 [main] INFO  Logger - Test change password - Chrome started.
14:51:18.685 [main] INFO  Logger - negativeChangePasswordTestScenario started.
14:51:21.653 [main] INFO  Logger - negativeChangePasswordTestScenario passed.
14:51:22.514 [main] INFO  Logger - Test change password - Chrome finished.
14:51:22.546 [main] INFO  Logger - Test change password - Edge started.
14:51:26.668 [main] INFO  Logger - negativeChangePasswordTestScenario started.
14:51:29.132 [main] INFO  Logger - negativeChangePasswordTestScenario passed.
14:51:32.225 [main] INFO  Logger - Test change password - Edge finished.
14:51:42.429 [main] INFO  Logger - Test registration - Firefox started.
14:51:48.222 [main] INFO  Logger - negativeRegistrationTestScenario started.
14:51:50.161 [main] INFO  Logger - negativeRegistrationTestScenario passed.
14:51:50.576 [main] INFO  Logger - Test registration - Firefox finished.
14:51:50.609 [main] INFO  Logger - Test registration - Chrome started.
14:51:52.602 [main] INFO  Logger - negativeRegistrationTestScenario started.
14:51:55.779 [main] INFO  Logger - negativeRegistrationTestScenario passed.
14:51:56.513 [main] INFO  Logger - Test registration - Chrome finished.
14:51:56.544 [main] INFO  Logger - Test registration - Edge started.
14:51:57.747 [main] INFO  Logger - negativeRegistrationTestScenario started.
14:51:59.231 [main] INFO  Logger - negativeRegistrationTestScenario passed.
14:52:02.347 [main] INFO  Logger - Test registration - Edge finished.
14:52:10.070 [main] INFO  Logger - Test registration with facebook account - Firefox started.
14:52:16.096 [main] INFO  Logger - positiveRegistrationWithFacebookAccountTestScenario started.
14:52:23.054 [main] INFO  Logger - positiveRegistrationWithFacebookAccountTestScenario passed.
14:52:28.538 [main] INFO  Logger - negativeRegistrationWithFacebookAccountTestScenario started.
14:52:33.719 [main] INFO  Logger - negativeRegistrationWithFacebookAccountTestScenario passed.
14:52:34.182 [main] INFO  Logger - Test registration with facebook account - Firefox finished.
14:52:34.213 [main] INFO  Logger - Test registration with facebook account - Chrome started.
14:52:36.199 [main] INFO  Logger - positiveRegistrationWithFacebookAccountTestScenario started.
14:52:45.195 [main] INFO  Logger - positiveRegistrationWithFacebookAccountTestScenario passed.
14:52:47.929 [main] INFO  Logger - negativeRegistrationWithFacebookAccountTestScenario started.
14:52:53.325 [main] INFO  Logger - negativeRegistrationWithFacebookAccountTestScenario passed.
14:52:54.110 [main] INFO  Logger - Test registration with facebook account - Chrome finished.
14:52:54.141 [main] INFO  Logger - Test registration with facebook account - Edge started.
14:52:55.359 [main] INFO  Logger - positiveRegistrationWithFacebookAccountTestScenario started.
14:53:02.034 [main] INFO  Logger - positiveRegistrationWithFacebookAccountTestScenario passed.
14:53:06.169 [main] INFO  Logger - negativeRegistrationWithFacebookAccountTestScenario started.
14:53:11.118 [main] INFO  Logger - negativeRegistrationWithFacebookAccountTestScenario passed.
14:53:14.155 [main] INFO  Logger - Test registration with facebook account - Edge finished.
14:53:19.415 [main] INFO  Logger - Test change password - Firefox started.
14:53:25.369 [main] INFO  Logger - positivePasswordResetTestScenario started.
14:53:28.071 [main] INFO  Logger - positivePasswordResetTestScenario passed.
14:53:33.562 [main] INFO  Logger - negativePasswordResetTestScenario started.
14:53:35.917 [main] INFO  Logger - negativePasswordResetTestScenario passed.
14:53:36.397 [main] INFO  Logger - Test change password - Firefox finished.
14:53:36.397 [main] INFO  Logger - Test change password - Chrome started.
14:53:38.414 [main] INFO  Logger - positivePasswordResetTestScenario started.
14:53:41.476 [main] INFO  Logger - positivePasswordResetTestScenario passed.
14:53:44.158 [main] INFO  Logger - negativePasswordResetTestScenario started.
14:53:47.263 [main] INFO  Logger - negativePasswordResetTestScenario passed.
14:53:48.007 [main] INFO  Logger - Test change password - Chrome finished.
14:53:48.029 [main] INFO  Logger - Test change password - Edge started.
14:53:49.276 [main] INFO  Logger - positivePasswordResetTestScenario started.
14:53:52.179 [main] INFO  Logger - positivePasswordResetTestScenario passed.
14:53:56.252 [main] INFO  Logger - negativePasswordResetTestScenario started.
14:53:57.853 [main] INFO  Logger - negativePasswordResetTestScenario passed.
14:54:00.803 [main] INFO  Logger - Test change password - Edge finished.
14:54:06.809 [main] INFO  Logger - Test authorization - Firefox started.
14:54:12.687 [main] INFO  Logger - positiveAuthorizationTestScenario started.
14:54:16.066 [main] INFO  Logger - positiveAuthorizationTestScenario passed.
14:54:21.583 [main] INFO  Logger - negativeAuthorizationTestScenario started.
14:54:23.501 [main] INFO  Logger - negativeAuthorizationTestScenario passed.
14:54:28.956 [main] INFO  Logger - checkAlertMessageTestScenario started.
14:54:31.503 [main] INFO  Logger - checkAlertMessageTestScenario passed.
14:54:31.912 [main] INFO  Logger - Test authorization - Firefox finished.
14:54:31.912 [main] INFO  Logger - Test authorization - Chrome started.
14:54:33.882 [main] INFO  Logger - positiveAuthorizationTestScenario started.
14:54:41.903 [main] INFO  Logger - positiveAuthorizationTestScenario passed.
14:54:44.709 [main] INFO  Logger - negativeAuthorizationTestScenario started.
14:54:48.505 [main] INFO  Logger - negativeAuthorizationTestScenario passed.
14:54:51.168 [main] INFO  Logger - checkAlertMessageTestScenario started.
14:54:55.665 [main] INFO  Logger - checkAlertMessageTestScenario passed.
14:54:56.419 [main] INFO  Logger - Test authorization - Chrome finished.
14:54:56.482 [main] INFO  Logger - Test authorization - Edge started.
14:54:57.775 [main] INFO  Logger - positiveAuthorizationTestScenario started.
14:55:00.964 [main] INFO  Logger - positiveAuthorizationTestScenario passed.
14:55:11.840 [main] INFO  Logger - negativeAuthorizationTestScenario started.
14:55:13.146 [main] INFO  Logger - negativeAuthorizationTestScenario passed.
14:55:17.247 [main] INFO  Logger - checkAlertMessageTestScenario started.
14:55:24.406 [main] INFO  Logger - checkAlertMessageTestScenario skipped.
14:55:28.508 [main] INFO  Logger - checkAlertMessageTestScenario started.
14:55:35.939 [main] INFO  Logger - checkAlertMessageTestScenario failed.
14:55:39.026 [main] INFO  Logger - Test authorization - Edge finished.
15:05:35.025 [main] INFO  Logger - Test add email - Firefox started.
15:05:45.962 [main] INFO  Logger - positiveAddEmailTestScenario started.
15:05:48.750 [main] INFO  Logger - positiveAddEmailTestScenario passed.
15:05:49.366 [main] INFO  Logger - Test add email - Firefox finished.
15:05:49.366 [main] INFO  Logger - Test add email - Chrome started.
15:05:59.106 [main] INFO  Logger - positiveAddEmailTestScenario started.
15:06:02.151 [main] INFO  Logger - positiveAddEmailTestScenario passed.
15:06:02.998 [main] INFO  Logger - Test add email - Chrome finished.
15:06:03.045 [main] INFO  Logger - Test add email - Edge started.
15:06:07.333 [main] INFO  Logger - positiveAddEmailTestScenario started.
15:06:12.605 [main] INFO  Logger - positiveAddEmailTestScenario passed.
15:06:15.553 [main] INFO  Logger - Test add email - Edge finished.
15:06:27.335 [main] INFO  Logger - Test change password - Firefox started.
15:06:36.611 [main] INFO  Logger - negativeChangePasswordTestScenario started.
15:06:39.423 [main] INFO  Logger - negativeChangePasswordTestScenario passed.
15:06:39.990 [main] INFO  Logger - Test change password - Firefox finished.
15:06:40.021 [main] INFO  Logger - Test change password - Chrome started.
15:06:49.887 [main] INFO  Logger - negativeChangePasswordTestScenario started.
15:06:52.486 [main] INFO  Logger - negativeChangePasswordTestScenario passed.
15:06:53.418 [main] INFO  Logger - Test change password - Chrome finished.
15:06:53.449 [main] INFO  Logger - Test change password - Edge started.
15:06:57.168 [main] INFO  Logger - negativeChangePasswordTestScenario started.
15:06:59.215 [main] INFO  Logger - negativeChangePasswordTestScenario passed.
15:07:02.308 [main] INFO  Logger - Test change password - Edge finished.
15:07:10.554 [main] INFO  Logger - Test registration - Firefox started.
15:07:16.263 [main] INFO  Logger - negativeRegistrationTestScenario started.
15:07:18.511 [main] INFO  Logger - negativeRegistrationTestScenario passed.
15:07:18.949 [main] INFO  Logger - Test registration - Firefox finished.
15:07:18.981 [main] INFO  Logger - Test registration - Chrome started.
15:07:20.982 [main] INFO  Logger - negativeRegistrationTestScenario started.
15:07:24.354 [main] INFO  Logger - negativeRegistrationTestScenario passed.
15:07:25.085 [main] INFO  Logger - Test registration - Chrome finished.
15:07:25.100 [main] INFO  Logger - Test registration - Edge started.
15:07:26.339 [main] INFO  Logger - negativeRegistrationTestScenario started.
15:07:27.720 [main] INFO  Logger - negativeRegistrationTestScenario passed.
15:07:30.604 [main] INFO  Logger - Test registration - Edge finished.
15:07:43.396 [main] INFO  Logger - Test registration with facebook account - Firefox started.
15:07:50.353 [main] INFO  Logger - positiveRegistrationWithFacebookAccountTestScenario started.
15:07:56.736 [main] INFO  Logger - positiveRegistrationWithFacebookAccountTestScenario passed.
15:08:02.280 [main] INFO  Logger - negativeRegistrationWithFacebookAccountTestScenario started.
15:08:08.134 [main] INFO  Logger - negativeRegistrationWithFacebookAccountTestScenario passed.
15:08:08.620 [main] INFO  Logger - Test registration with facebook account - Firefox finished.
15:08:08.620 [main] INFO  Logger - Test registration with facebook account - Chrome started.
15:08:10.635 [main] INFO  Logger - positiveRegistrationWithFacebookAccountTestScenario started.
15:08:19.182 [main] INFO  Logger - positiveRegistrationWithFacebookAccountTestScenario passed.
15:08:21.916 [main] INFO  Logger - negativeRegistrationWithFacebookAccountTestScenario started.
15:08:27.674 [main] INFO  Logger - negativeRegistrationWithFacebookAccountTestScenario passed.
15:08:28.467 [main] INFO  Logger - Test registration with facebook account - Chrome finished.
15:08:28.474 [main] INFO  Logger - Test registration with facebook account - Edge started.
15:08:29.721 [main] INFO  Logger - positiveRegistrationWithFacebookAccountTestScenario started.
15:08:36.125 [main] INFO  Logger - positiveRegistrationWithFacebookAccountTestScenario passed.
15:08:40.182 [main] INFO  Logger - negativeRegistrationWithFacebookAccountTestScenario started.
15:08:46.575 [main] INFO  Logger - negativeRegistrationWithFacebookAccountTestScenario passed.
15:08:49.510 [main] INFO  Logger - Test registration with facebook account - Edge finished.
15:08:54.731 [main] INFO  Logger - Test change password - Firefox started.
15:09:01.726 [main] INFO  Logger - positivePasswordResetTestScenario started.
15:09:04.146 [main] INFO  Logger - positivePasswordResetTestScenario passed.
15:09:09.669 [main] INFO  Logger - negativePasswordResetTestScenario started.
15:09:12.303 [main] INFO  Logger - negativePasswordResetTestScenario passed.
15:09:12.688 [main] INFO  Logger - Test change password - Firefox finished.
15:09:12.688 [main] INFO  Logger - Test change password - Chrome started.
15:09:14.728 [main] INFO  Logger - positivePasswordResetTestScenario started.
15:09:17.583 [main] INFO  Logger - positivePasswordResetTestScenario passed.
15:09:20.297 [main] INFO  Logger - negativePasswordResetTestScenario started.
15:09:23.039 [main] INFO  Logger - negativePasswordResetTestScenario passed.
15:09:23.756 [main] INFO  Logger - Test change password - Chrome finished.
15:09:23.787 [main] INFO  Logger - Test change password - Edge started.
15:09:25.005 [main] INFO  Logger - positivePasswordResetTestScenario started.
15:09:26.640 [main] INFO  Logger - positivePasswordResetTestScenario passed.
15:09:30.970 [main] INFO  Logger - negativePasswordResetTestScenario started.
15:09:32.503 [main] INFO  Logger - negativePasswordResetTestScenario passed.
15:09:35.405 [main] INFO  Logger - Test change password - Edge finished.
15:09:47.475 [main] INFO  Logger - Test authorization - Firefox started.
15:09:54.419 [main] INFO  Logger - positiveAuthorizationTestScenario started.
15:10:01.493 [main] INFO  Logger - positiveAuthorizationTestScenario skipped.
15:10:07.159 [main] INFO  Logger - positiveAuthorizationTestScenario started.
15:10:14.584 [main] INFO  Logger - positiveAuthorizationTestScenario failed.
15:10:20.010 [main] INFO  Logger - negativeAuthorizationTestScenario started.
15:10:22.037 [main] INFO  Logger - negativeAuthorizationTestScenario passed.
15:10:27.373 [main] INFO  Logger - checkAlertMessageTestScenario started.
15:11:39.646 [main] INFO  Logger - Test authorization - Firefox started.
15:11:46.634 [main] INFO  Logger - positiveAuthorizationTestScenario started.
15:11:53.508 [main] INFO  Logger - positiveAuthorizationTestScenario skipped.
15:38:14.868 [main] INFO  Logger - Test authorization - Firefox started.
15:38:22.854 [main] INFO  Logger - positiveAuthorizationTestScenario started.
15:38:30.034 [main] INFO  Logger - positiveAuthorizationTestScenario skipped.
15:39:40.010 [main] INFO  Logger - Test authorization - Firefox started.
15:39:48.109 [main] INFO  Logger - positiveAuthorizationTestScenario started.
15:39:55.258 [main] INFO  Logger - positiveAuthorizationTestScenario skipped.
15:40:01.798 [main] INFO  Logger - positiveAuthorizationTestScenario started.
15:40:09.624 [main] INFO  Logger - positiveAuthorizationTestScenario failed.
15:40:16.142 [main] INFO  Logger - negativeAuthorizationTestScenario started.
15:40:17.936 [main] INFO  Logger - negativeAuthorizationTestScenario passed.
15:40:24.490 [main] INFO  Logger - checkAlertMessageTestScenario started.
15:40:31.668 [main] INFO  Logger - checkAlertMessageTestScenario skipped.
15:40:38.080 [main] INFO  Logger - checkAlertMessageTestScenario started.
15:40:46.642 [main] INFO  Logger - checkAlertMessageTestScenario failed.
15:40:47.243 [main] INFO  Logger - Test authorization - Firefox finished.
15:40:47.255 [main] INFO  Logger - Test authorization - Chrome started.
15:43:59.416 [main] INFO  Logger - Test authorization - Firefox started.
15:44:05.170 [main] INFO  Logger - positiveAuthorizationTestScenario started.
15:44:12.066 [main] INFO  Logger - positiveAuthorizationTestScenario skipped.
15:44:17.628 [main] INFO  Logger - positiveAuthorizationTestScenario started.
15:44:24.868 [main] INFO  Logger - positiveAuthorizationTestScenario failed.
15:44:30.494 [main] INFO  Logger - negativeAuthorizationTestScenario started.
15:44:32.674 [main] INFO  Logger - negativeAuthorizationTestScenario passed.
15:44:39.103 [main] INFO  Logger - checkAlertMessageTestScenario started.
15:44:46.402 [main] INFO  Logger - checkAlertMessageTestScenario skipped.
15:44:51.829 [main] INFO  Logger - checkAlertMessageTestScenario started.
15:44:59.337 [main] INFO  Logger - checkAlertMessageTestScenario failed.
15:44:59.954 [main] INFO  Logger - Test authorization - Firefox finished.
15:44:59.954 [main] INFO  Logger - Test authorization - Chrome started.
15:45:02.483 [main] INFO  Logger - positiveAuthorizationTestScenario started.
15:45:12.844 [main] INFO  Logger - positiveAuthorizationTestScenario failed.
15:45:15.547 [main] INFO  Logger - negativeAuthorizationTestScenario started.
15:45:19.186 [main] INFO  Logger - negativeAuthorizationTestScenario passed.
15:45:21.772 [main] INFO  Logger - checkAlertMessageTestScenario started.
15:45:31.550 [main] INFO  Logger - checkAlertMessageTestScenario failed.
15:45:32.331 [main] INFO  Logger - Test authorization - Chrome finished.
15:45:32.347 [main] INFO  Logger - Test authorization - Edge started.
15:45:33.781 [main] INFO  Logger - positiveAuthorizationTestScenario started.
15:45:41.278 [main] INFO  Logger - positiveAuthorizationTestScenario failed.
15:45:45.499 [main] INFO  Logger - negativeAuthorizationTestScenario started.
15:45:46.827 [main] INFO  Logger - negativeAuthorizationTestScenario passed.
15:45:53.309 [main] INFO  Logger - Test add email - Firefox started.
15:46:02.000 [main] INFO  Logger - positiveAddEmailTestScenario started.
15:46:04.361 [main] INFO  Logger - positiveAddEmailTestScenario passed.
15:46:04.923 [main] INFO  Logger - Test add email - Firefox finished.
15:46:04.946 [main] INFO  Logger - Test add email - Chrome started.
15:46:27.502 [main] INFO  Logger - Test authorization - Firefox started.
15:46:34.376 [main] INFO  Logger - positiveAuthorizationTestScenario started.
15:46:37.702 [main] INFO  Logger - positiveAuthorizationTestScenario passed.
15:46:43.516 [main] INFO  Logger - negativeAuthorizationTestScenario started.
15:46:45.219 [main] INFO  Logger - negativeAuthorizationTestScenario passed.
15:50:47.567 [main] INFO  Logger - Test authorization - Firefox started.
15:50:56.664 [main] INFO  Logger - positiveAuthorizationTestScenario started.
15:50:59.808 [main] INFO  Logger - positiveAuthorizationTestScenario passed.
15:51:06.245 [main] INFO  Logger - negativeAuthorizationTestScenario started.
15:51:08.234 [main] INFO  Logger - negativeAuthorizationTestScenario passed.
15:51:14.728 [main] INFO  Logger - checkAlertMessageTestScenario started.
15:51:22.741 [main] INFO  Logger - checkAlertMessageTestScenario skipped.
15:51:28.187 [main] INFO  Logger - checkAlertMessageTestScenario started.
15:51:35.757 [main] INFO  Logger - checkAlertMessageTestScenario failed.
15:51:36.297 [main] INFO  Logger - Test authorization - Firefox finished.
15:51:36.297 [main] INFO  Logger - Test authorization - Chrome started.
15:51:39.311 [main] INFO  Logger - positiveAuthorizationTestScenario started.
15:51:40.256 [main] INFO  Logger - positiveAuthorizationTestScenario skipped.
15:51:42.893 [main] INFO  Logger - positiveAuthorizationTestScenario started.
15:52:59.612 [main] INFO  Logger - Test authorization - Firefox started.
15:53:08.623 [main] INFO  Logger - positiveAuthorizationTestScenario started.
15:53:11.340 [main] INFO  Logger - positiveAuthorizationTestScenario passed.
15:53:17.847 [main] INFO  Logger - negativeAuthorizationTestScenario started.
15:53:19.740 [main] INFO  Logger - negativeAuthorizationTestScenario passed.
15:53:26.138 [main] INFO  Logger - checkAlertMessageTestScenario started.
15:53:30.823 [main] INFO  Logger - checkAlertMessageTestScenario skipped.
15:53:30.898 [main] INFO  Logger - checkAlertMessageTestScenario skipped.
15:53:30.898 [main] INFO  Logger - Test authorization - Firefox finished.
15:53:30.898 [main] INFO  Logger - Test authorization - Chrome started.
15:53:55.241 [main] INFO  Logger - Test authorization - Firefox started.
15:54:02.117 [main] INFO  Logger - positiveAuthorizationTestScenario started.
15:54:04.813 [main] INFO  Logger - positiveAuthorizationTestScenario passed.
15:54:37.955 [main] INFO  Logger - Test authorization - Firefox started.
15:54:44.948 [main] INFO  Logger - positiveAuthorizationTestScenario started.
15:54:47.623 [main] INFO  Logger - positiveAuthorizationTestScenario passed.
15:54:54.296 [main] INFO  Logger - negativeAuthorizationTestScenario started.
15:54:56.151 [main] INFO  Logger - negativeAuthorizationTestScenario passed.
15:55:02.626 [main] INFO  Logger - checkAlertMessageTestScenario started.
15:55:05.361 [main] INFO  Logger - checkAlertMessageTestScenario passed.
15:55:05.861 [main] INFO  Logger - Test authorization - Firefox finished.
15:55:05.861 [main] INFO  Logger - Test authorization - Chrome started.
15:55:08.625 [main] INFO  Logger - positiveAuthorizationTestScenario started.
15:55:17.456 [main] INFO  Logger - positiveAuthorizationTestScenario passed.
15:55:20.208 [main] INFO  Logger - negativeAuthorizationTestScenario started.
15:55:24.281 [main] INFO  Logger - negativeAuthorizationTestScenario passed.
15:55:26.997 [main] INFO  Logger - checkAlertMessageTestScenario started.
15:55:31.655 [main] INFO  Logger - checkAlertMessageTestScenario passed.
15:55:32.420 [main] INFO  Logger - Test authorization - Chrome finished.
15:55:32.441 [main] INFO  Logger - Test authorization - Edge started.
15:55:33.909 [main] INFO  Logger - positiveAuthorizationTestScenario started.
15:55:37.297 [main] INFO  Logger - positiveAuthorizationTestScenario passed.
15:55:41.605 [main] INFO  Logger - negativeAuthorizationTestScenario started.
15:55:43.136 [main] INFO  Logger - negativeAuthorizationTestScenario passed.
15:55:47.283 [main] INFO  Logger - checkAlertMessageTestScenario started.
15:55:48.985 [main] INFO  Logger - checkAlertMessageTestScenario passed.
15:55:51.842 [main] INFO  Logger - Test authorization - Edge finished.
16:02:17.498 [main] INFO  Logger - Test authorization - Firefox started.
16:02:24.336 [main] INFO  Logger - positiveAuthorizationTestScenario started.
16:02:27.940 [main] INFO  Logger - positiveAuthorizationTestScenario passed.
16:02:36.912 [main] INFO  Logger - negativeAuthorizationTestScenario started.
16:02:39.239 [main] INFO  Logger - negativeAuthorizationTestScenario passed.
16:02:50.544 [main] INFO  Logger - checkAlertMessageTestScenario started.
16:02:53.929 [main] INFO  Logger - checkAlertMessageTestScenario passed.
16:02:54.311 [main] INFO  Logger - Test authorization - Firefox finished.
16:02:54.324 [main] INFO  Logger - Test authorization - Chrome started.
16:10:05.605 [main] INFO  Logger - Test authorization - Firefox started.
16:10:12.535 [main] INFO  Logger - positiveAuthorizationTestScenario started.
16:10:16.030 [main] INFO  Logger - positiveAuthorizationTestScenario passed.
16:10:21.558 [main] INFO  Logger - negativeAuthorizationTestScenario started.
16:10:23.466 [main] INFO  Logger - negativeAuthorizationTestScenario passed.
16:10:28.948 [main] INFO  Logger - checkAlertMessageTestScenario started.
16:10:31.445 [main] INFO  Logger - checkAlertMessageTestScenario passed.
16:10:31.853 [main] INFO  Logger - Test authorization - Firefox finished.
16:10:31.894 [main] INFO  Logger - Test authorization - Chrome started.
16:10:34.623 [main] INFO  Logger - positiveAuthorizationTestScenario started.
16:10:43.033 [main] INFO  Logger - positiveAuthorizationTestScenario passed.
16:10:45.837 [main] INFO  Logger - negativeAuthorizationTestScenario started.
16:10:49.943 [main] INFO  Logger - negativeAuthorizationTestScenario passed.
16:10:52.692 [main] INFO  Logger - checkAlertMessageTestScenario started.
16:11:02.207 [main] INFO  Logger - checkAlertMessageTestScenario skipped.
16:11:04.909 [main] INFO  Logger - checkAlertMessageTestScenario started.
16:11:14.321 [main] INFO  Logger - checkAlertMessageTestScenario failed.
16:11:15.127 [main] INFO  Logger - Test authorization - Chrome finished.
16:11:15.127 [main] INFO  Logger - Test authorization - Edge started.
16:11:31.970 [main] INFO  Logger - Test add email - Firefox started.
16:11:45.117 [main] INFO  Logger - positiveAddEmailTestScenario skipped.
16:11:45.117 [main] INFO  Logger - Test add email - Firefox finished.
16:11:45.133 [main] INFO  Logger - Test add email - Chrome started.
16:20:48.551 [main] INFO  Logger - Test add email - Firefox started.
16:21:04.585 [main] INFO  Logger - positiveAddEmailTestScenario skipped.
16:21:04.587 [main] INFO  Logger - Test add email - Firefox finished.
16:21:04.598 [main] INFO  Logger - Test add email - Chrome started.
16:23:20.366 [main] INFO  Logger - Test add email - Firefox started.
16:23:33.849 [main] INFO  Logger - positiveAddEmailTestScenario skipped.
16:23:33.849 [main] INFO  Logger - Test add email - Firefox finished.
16:23:33.849 [main] INFO  Logger - Test add email - Chrome started.
16:23:38.347 [main] INFO  Logger - Test authorization - Firefox started.
16:23:45.347 [main] INFO  Logger - positiveAuthorizationTestScenario started.
16:23:51.725 [main] INFO  Logger - positiveAuthorizationTestScenario skipped.
16:23:51.786 [main] INFO  Logger - positiveAuthorizationTestScenario skipped.
16:23:51.804 [main] INFO  Logger - negativeAuthorizationTestScenario skipped.
16:23:51.806 [main] INFO  Logger - checkAlertMessageTestScenario skipped.
16:23:51.806 [main] INFO  Logger - Test authorization - Firefox finished.
16:23:51.817 [main] INFO  Logger - Test authorization - Chrome started.
16:23:54.052 [main] INFO  Logger - positiveAuthorizationTestScenario started.
16:24:11.324 [main] INFO  Logger - Test authorization - Firefox started.
16:24:17.235 [main] INFO  Logger - positiveAuthorizationTestScenario started.
16:24:24.204 [main] INFO  Logger - positiveAuthorizationTestScenario skipped.
16:24:29.785 [main] INFO  Logger - positiveAuthorizationTestScenario started.
16:24:35.820 [main] INFO  Logger - Test authorization - Firefox finished.
16:28:18.488 [main] INFO  Logger - Test authorization - Firefox started.
16:28:24.355 [main] INFO  Logger - positiveAuthorizationTestScenario started.
16:28:31.412 [main] INFO  Logger - positiveAuthorizationTestScenario skipped.
16:30:21.235 [main] INFO  Logger - Test authorization - Firefox started.
16:30:28.159 [main] INFO  Logger - positiveAuthorizationTestScenario started.
16:30:35.025 [main] INFO  Logger - positiveAuthorizationTestScenario skipped.
16:30:40.584 [main] INFO  Logger - positiveAuthorizationTestScenario started.
16:30:48.250 [main] INFO  Logger - positiveAuthorizationTestScenario failed.
16:30:53.664 [main] INFO  Logger - negativeAuthorizationTestScenario started.
16:30:55.320 [main] INFO  Logger - negativeAuthorizationTestScenario passed.
16:31:01.700 [main] INFO  Logger - checkAlertMessageTestScenario started.
16:31:08.877 [main] INFO  Logger - checkAlertMessageTestScenario skipped.
16:35:59.860 [main] INFO  Logger - Test add email - Firefox started.
16:36:10.599 [main] INFO  Logger - positiveAddEmailTestScenario skipped.
16:36:10.599 [main] INFO  Logger - Test add email - Firefox finished.
16:36:10.599 [main] INFO  Logger - Test add email - Chrome started.
16:38:14.588 [main] INFO  Logger - Test change password - Firefox started.
16:38:27.263 [main] INFO  Logger - negativeChangePasswordTestScenario skipped.
16:38:27.263 [main] INFO  Logger - Test change password - Firefox finished.
16:38:27.286 [main] INFO  Logger - Test change password - Chrome started.
16:38:38.693 [main] INFO  Logger - negativeChangePasswordTestScenario skipped.
16:38:38.694 [main] INFO  Logger - Test change password - Chrome finished.
16:38:38.710 [main] INFO  Logger - Test change password - Edge started.
16:47:40.353 [main] INFO  Logger - Test add email - Firefox started.
16:47:49.103 [main] INFO  Logger - positiveAddEmailTestScenario started.
16:47:51.790 [main] INFO  Logger - positiveAddEmailTestScenario passed.
16:47:52.342 [main] INFO  Logger - Test add email - Firefox finished.
16:47:52.342 [main] INFO  Logger - Test add email - Chrome started.
17:00:42.826 [main] INFO  Logger - Test authorization - Firefox started.
17:00:48.858 [main] INFO  Logger - positiveAuthorizationTestScenario started.
17:00:51.805 [main] INFO  Logger - positiveAuthorizationTestScenario passed.
17:00:57.196 [main] INFO  Logger - negativeAuthorizationTestScenario started.
17:00:58.800 [main] INFO  Logger - negativeAuthorizationTestScenario passed.
17:01:05.352 [main] INFO  Logger - checkAlertMessageTestScenario started.
17:01:08.081 [main] INFO  Logger - checkAlertMessageTestScenario passed.
17:01:08.540 [main] INFO  Logger - Test authorization - Firefox finished.
17:01:08.540 [main] INFO  Logger - Test authorization - Chrome started.
17:01:10.557 [main] INFO  Logger - positiveAuthorizationTestScenario started.
17:01:17.700 [main] INFO  Logger - positiveAuthorizationTestScenario passed.
17:01:20.495 [main] INFO  Logger - negativeAuthorizationTestScenario started.
17:01:24.339 [main] INFO  Logger - negativeAuthorizationTestScenario passed.
17:01:27.063 [main] INFO  Logger - checkAlertMessageTestScenario started.
17:01:31.528 [main] INFO  Logger - checkAlertMessageTestScenario passed.
17:01:32.268 [main] INFO  Logger - Test authorization - Chrome finished.
17:01:32.306 [main] INFO  Logger - Test authorization - Edge started.
17:01:33.653 [main] INFO  Logger - positiveAuthorizationTestScenario started.
17:01:37.187 [main] INFO  Logger - positiveAuthorizationTestScenario passed.
17:01:41.394 [main] INFO  Logger - negativeAuthorizationTestScenario started.
17:01:42.722 [main] INFO  Logger - negativeAuthorizationTestScenario passed.
17:01:46.869 [main] INFO  Logger - checkAlertMessageTestScenario started.
17:01:49.974 [main] INFO  Logger - checkAlertMessageTestScenario passed.
17:01:52.805 [main] INFO  Logger - Test authorization - Edge finished.
17:03:38.495 [main] INFO  Logger - Test add email - Firefox started.
17:03:47.598 [main] INFO  Logger - positiveAddEmailTestScenario started.
17:03:50.532 [main] INFO  Logger - positiveAddEmailTestScenario passed.
17:03:51.196 [main] INFO  Logger - Test add email - Firefox finished.
17:03:51.242 [main] INFO  Logger - Test add email - Chrome started.
17:05:44.527 [main] INFO  Logger - Test add email - Firefox started.
17:05:54.645 [main] INFO  Logger - positiveAddEmailTestScenario started.
17:05:57.193 [main] INFO  Logger - positiveAddEmailTestScenario passed.
17:05:57.708 [main] INFO  Logger - Test add email - Firefox finished.
17:05:57.708 [main] INFO  Logger - Test add email - Chrome started.
17:06:09.651 [main] INFO  Logger - positiveAddEmailTestScenario started.
17:06:13.099 [main] INFO  Logger - positiveAddEmailTestScenario passed.
17:06:13.948 [main] INFO  Logger - Test add email - Chrome finished.
17:06:13.954 [main] INFO  Logger - Test add email - Edge started.
17:06:18.421 [main] INFO  Logger - positiveAddEmailTestScenario started.
17:06:20.207 [main] INFO  Logger - positiveAddEmailTestScenario skipped.
17:06:27.662 [main] INFO  Logger - positiveAddEmailTestScenario started.
17:06:33.086 [main] INFO  Logger - positiveAddEmailTestScenario failed.
17:06:36.071 [main] INFO  Logger - Test add email - Edge finished.
17:11:51.081 [main] INFO  Logger - Test change password - Firefox started.
17:12:01.893 [main] INFO  Logger - negativeChangePasswordTestScenario started.
17:12:04.320 [main] INFO  Logger - negativeChangePasswordTestScenario passed.
17:12:05.081 [main] INFO  Logger - Test change password - Firefox finished.
17:12:05.113 [main] INFO  Logger - Test change password - Chrome started.
17:12:15.899 [main] INFO  Logger - negativeChangePasswordTestScenario started.
17:12:18.632 [main] INFO  Logger - negativeChangePasswordTestScenario passed.
17:12:19.512 [main] INFO  Logger - Test change password - Chrome finished.
17:12:19.543 [main] INFO  Logger - Test change password - Edge started.
17:12:23.779 [main] INFO  Logger - negativeChangePasswordTestScenario started.
17:12:26.086 [main] INFO  Logger - negativeChangePasswordTestScenario passed.
17:12:33.435 [main] INFO  Logger - Test change password - Edge finished.
17:13:16.819 [main] INFO  Logger - Test registration - Firefox started.
17:13:23.692 [main] INFO  Logger - negativeRegistrationTestScenario started.
17:13:25.617 [main] INFO  Logger - negativeRegistrationTestScenario passed.
17:13:26.034 [main] INFO  Logger - Test registration - Firefox finished.
17:13:26.034 [main] INFO  Logger - Test registration - Chrome started.
17:13:28.019 [main] INFO  Logger - negativeRegistrationTestScenario started.
17:13:30.966 [main] INFO  Logger - negativeRegistrationTestScenario passed.
17:13:31.685 [main] INFO  Logger - Test registration - Chrome finished.
17:13:31.723 [main] INFO  Logger - Test registration - Edge started.
17:13:33.142 [main] INFO  Logger - negativeRegistrationTestScenario started.
17:13:34.991 [main] INFO  Logger - negativeRegistrationTestScenario passed.
17:13:37.925 [main] INFO  Logger - Test registration - Edge finished.
17:13:39.882 [main] INFO  Logger - Test registration with facebook account - Firefox started.
17:13:45.844 [main] INFO  Logger - positiveRegistrationWithFacebookAccountTestScenario started.
17:13:52.504 [main] INFO  Logger - positiveRegistrationWithFacebookAccountTestScenario passed.
17:13:59.598 [main] INFO  Logger - negativeRegistrationWithFacebookAccountTestScenario started.
17:14:05.522 [main] INFO  Logger - negativeRegistrationWithFacebookAccountTestScenario passed.
17:14:06.223 [main] INFO  Logger - Test registration with facebook account - Firefox finished.
17:14:06.223 [main] INFO  Logger - Test registration with facebook account - Chrome started.
17:14:08.234 [main] INFO  Logger - positiveRegistrationWithFacebookAccountTestScenario started.
17:14:17.747 [main] INFO  Logger - positiveRegistrationWithFacebookAccountTestScenario passed.
17:14:20.534 [main] INFO  Logger - negativeRegistrationWithFacebookAccountTestScenario started.
17:14:26.288 [main] INFO  Logger - negativeRegistrationWithFacebookAccountTestScenario passed.
17:14:27.087 [main] INFO  Logger - Test registration with facebook account - Chrome finished.
17:14:27.118 [main] INFO  Logger - Test registration with facebook account - Edge started.
17:14:28.336 [main] INFO  Logger - positiveRegistrationWithFacebookAccountTestScenario started.
17:14:35.109 [main] INFO  Logger - positiveRegistrationWithFacebookAccountTestScenario passed.
17:14:39.367 [main] INFO  Logger - negativeRegistrationWithFacebookAccountTestScenario started.
17:14:44.022 [main] INFO  Logger - negativeRegistrationWithFacebookAccountTestScenario passed.
17:14:47.009 [main] INFO  Logger - Test registration with facebook account - Edge finished.
17:15:15.128 [main] INFO  Logger - Test change password - Firefox started.
17:15:20.908 [main] INFO  Logger - positivePasswordResetTestScenario started.
17:15:24.211 [main] INFO  Logger - positivePasswordResetTestScenario passed.
17:15:29.750 [main] INFO  Logger - negativePasswordResetTestScenario started.
17:15:32.421 [main] INFO  Logger - negativePasswordResetTestScenario passed.
17:15:33.006 [main] INFO  Logger - Test change password - Firefox finished.
17:15:33.006 [main] INFO  Logger - Test change password - Chrome started.
17:15:34.971 [main] INFO  Logger - positivePasswordResetTestScenario started.
17:15:39.007 [main] INFO  Logger - positivePasswordResetTestScenario passed.
17:15:41.681 [main] INFO  Logger - negativePasswordResetTestScenario started.
17:15:44.646 [main] INFO  Logger - negativePasswordResetTestScenario passed.
17:15:45.402 [main] INFO  Logger - Test change password - Chrome finished.
17:15:45.438 [main] INFO  Logger - Test change password - Edge started.
17:15:46.672 [main] INFO  Logger - positivePasswordResetTestScenario started.
17:15:48.811 [main] INFO  Logger - positivePasswordResetTestScenario passed.
17:15:53.018 [main] INFO  Logger - negativePasswordResetTestScenario started.
17:15:54.614 [main] INFO  Logger - negativePasswordResetTestScenario passed.
17:15:57.535 [main] INFO  Logger - Test change password - Edge finished.
17:16:04.350 [main] INFO  Logger - Test authorization - Firefox started.
17:16:10.222 [main] INFO  Logger - positiveAuthorizationTestScenario started.
17:16:13.005 [main] INFO  Logger - positiveAuthorizationTestScenario passed.
17:16:18.386 [main] INFO  Logger - negativeAuthorizationTestScenario started.
17:16:20.464 [main] INFO  Logger - negativeAuthorizationTestScenario passed.
17:16:25.926 [main] INFO  Logger - checkAlertMessageTestScenario started.
17:16:28.593 [main] INFO  Logger - checkAlertMessageTestScenario passed.
17:16:28.998 [main] INFO  Logger - Test authorization - Firefox finished.
17:16:28.998 [main] INFO  Logger - Test authorization - Chrome started.
17:16:31.033 [main] INFO  Logger - positiveAuthorizationTestScenario started.
17:16:38.488 [main] INFO  Logger - positiveAuthorizationTestScenario passed.
17:16:41.493 [main] INFO  Logger - negativeAuthorizationTestScenario started.
17:16:44.979 [main] INFO  Logger - negativeAuthorizationTestScenario passed.
17:16:47.697 [main] INFO  Logger - checkAlertMessageTestScenario started.
17:16:52.083 [main] INFO  Logger - checkAlertMessageTestScenario passed.
17:16:52.837 [main] INFO  Logger - Test authorization - Chrome finished.
17:16:52.837 [main] INFO  Logger - Test authorization - Edge started.
17:16:54.071 [main] INFO  Logger - positiveAuthorizationTestScenario started.
17:16:57.090 [main] INFO  Logger - positiveAuthorizationTestScenario passed.
17:17:05.762 [main] INFO  Logger - negativeAuthorizationTestScenario started.
17:17:07.138 [main] INFO  Logger - negativeAuthorizationTestScenario passed.
17:17:11.252 [main] INFO  Logger - checkAlertMessageTestScenario started.
17:17:13.335 [main] INFO  Logger - checkAlertMessageTestScenario passed.
17:17:16.273 [main] INFO  Logger - Test authorization - Edge finished.
